-------------------------------------------------------------------------------
Test set: TestSuite
-------------------------------------------------------------------------------
Tests run: 2, Failures: 1, Errors: 0, Skipped: 0, Time elapsed: 28.759 s <<< FAILURE! - in TestSuite
ScenarioSteps.RunLoginScenario.invalidLogin[sad, asdasd, Inva email address.](1)  Time elapsed: 6.203 s  <<< FAILURE!
java.lang.AssertionError: expected [Inva email address.] but found [Invalid email address.]
	at ScenarioSteps.RunLoginScenario.invalidLogin(RunLoginScenario.java:30)

